<?xml version="1.0" encoding="UTF-8"?>
<testng-results skipped="0" failed="0" ignored="0" total="1" passed="1">
  <reporter-output>
  </reporter-output>
  <suite name="Default suite" duration-ms="8341" started-at="2018-07-07T03:08:44Z" finished-at="2018-07-07T03:08:52Z">
    <groups>
    </groups>
    <test name="Default test" duration-ms="8341" started-at="2018-07-07T03:08:44Z" finished-at="2018-07-07T03:08:52Z">
      <class name="powerpoint.DemoAlert">
        <test-method status="PASS" signature="handleAlert()[pri:0, instance:powerpoint.DemoAlert@371a67ec]" name="handleAlert" duration-ms="8317" started-at="2018-07-07T03:08:44Z" finished-at="2018-07-07T03:08:52Z">
          <reporter-output>
          </reporter-output>
        </test-method> <!-- handleAlert -->
      </class> <!-- powerpoint.DemoAlert -->
    </test> <!-- Default test -->
  </suite> <!-- Default suite -->
</testng-results>
